<?xml version="1.0" encoding="UTF-8"?>
<testng-results ignored="2" total="3" passed="1" failed="0" skipped="0">
  <reporter-output>
    <line>
      <![CDATA[I am executing test case 002 in module 2]]>
    </line>
  </reporter-output>
  <suite started-at="2023-11-28T21:01:45 PST" name="Default suite" finished-at="2023-11-28T21:01:45 PST" duration-ms="84">
    <groups>
    </groups>
    <test started-at="2023-11-28T21:01:45 PST" name="Default test" finished-at="2023-11-28T21:01:45 PST" duration-ms="84">
      <class name="testSuite1.Module2">
        <test-method is-config="true" signature="before()[pri:0, instance:testSuite1.Module2@55b7a4e0]" started-at="2023-11-28T21:01:45 PST" name="before" finished-at="2023-11-28T21:01:45 PST" duration-ms="36" status="PASS">
          <reporter-output>
          </reporter-output>
        </test-method> <!-- before -->
        <test-method signature="test002()[pri:0, instance:testSuite1.Module2@55b7a4e0]" started-at="2023-11-28T21:01:45 PST" name="test002" finished-at="2023-11-28T21:01:45 PST" duration-ms="8" status="PASS">
          <reporter-output>
            <line>
              <![CDATA[I am executing test case 002 in module 2]]>
            </line>
          </reporter-output>
        </test-method> <!-- test002 -->
        <test-method is-config="true" signature="after()[pri:0, instance:testSuite1.Module2@55b7a4e0]" started-at="2023-11-28T21:01:45 PST" name="after" finished-at="2023-11-28T21:01:45 PST" duration-ms="0" status="PASS">
          <reporter-output>
          </reporter-output>
        </test-method> <!-- after -->
      </class> <!-- testSuite1.Module2 -->
    </test> <!-- Default test -->
  </suite> <!-- Default suite -->
</testng-results>
