<?xml version="1.0" encoding="UTF-8"?>
<!-- Generated by org.testng.reporters.JUnitXMLReporter -->
<testsuite ignored="0" hostname="DESKTOP-RGFUJQH" failures="0" tests="6" name="DemoTest" time="0.075" errors="0" timestamp="2023-11-19T17:46:14 PST">
  <testcase classname="testSuite1.Module1" name="test001" time="0.01"/>
  <testcase classname="testSuite1.Module1" name="test002" time="0.001"/>
  <testcase classname="testSuite1.Module1" name="test003" time="0.001"/>
  <testcase classname="testSuite1.Module2" name="test001" time="0.002"/>
  <testcase classname="testSuite1.Module2" name="test002" time="0.001"/>
  <testcase classname="testSuite1.Module2" name="test003" time="0.001"/>
</testsuite> <!-- DemoTest -->
