<?xml version="1.0" encoding="UTF-8"?>
<!-- Generated by org.testng.reporters.JUnitXMLReporter -->
<testsuite ignored="2" hostname="DESKTOP-RGFUJQH" failures="0" tests="1" name="Default test" time="0.084" errors="0" timestamp="2023-11-28T21:01:45 PST">
  <testcase classname="testSuite1.Module2" name="test002" time="0.008"/>
  <testcase classname="testSuite1.Module2" name="test003" time="0.0">
    <ignored/>
  </testcase> <!-- test003 -->
  <testcase classname="testSuite1.Module2" name="test001" time="0.0">
    <ignored/>
  </testcase> <!-- test001 -->
</testsuite> <!-- Default test -->
